<?xml version="1.0" encoding="UTF-8"?>
<!-- Generated by org.testng.reporters.JUnitReportReporter -->
<testsuite name="seleniumproject.NewTest" tests="1" time="37.292" ignored="3" failures="0" timestamp="23 Apr 2020 03:16:19 GMT" skipped="0" hostname="User-PC" errors="0">
  <testcase name="testPayment" time="37.292" classname="seleniumproject.NewTest"/>
  <testcase name="testLogin" classname="seleniumproject.NewTest">
    <skipped/>
  </testcase> <!-- testLogin -->
  <testcase name="testCart" classname="seleniumproject.NewTest">
    <skipped/>
  </testcase> <!-- testCart -->
  <testcase name="f" classname="seleniumproject.NewTest">
    <skipped/>
  </testcase> <!-- f -->
</testsuite> <!-- seleniumproject.NewTest -->
